"Start of log file."
"C:/Users/sobre/Dropbox/ENTI/TERCERO/Proyecto/UnityAR/PRUEBA~1/Assets/LOWPOL~1/TRUMP_~1.MAX"
"Starting max loading and fbx conversion"
window = undefined
"Settings units"
"Before fbx export"
"After fbx export"
"Finished max loading and fbx conversion"
"C:/Users/sobre/Dropbox/ENTI/TERCERO/Proyecto/UnityAR/PRUEBA~1/Assets/LOWPOL~1/Anims/TRUMP_~2.MAX"
"Starting max loading and fbx conversion"
window = undefined
"Settings units"
"Before fbx export"
"After fbx export"
"Finished max loading and fbx conversion"
"C:/Users/sobre/Dropbox/ENTI/TERCERO/Proyecto/UnityAR/PRUEBA~1/Assets/LOWPOL~1/Anims/TRUMP_~1.MAX"
"Starting max loading and fbx conversion"
window = undefined
"Settings units"
"Before fbx export"
"After fbx export"
"Finished max loading and fbx conversion"
"C:/Users/sobre/Dropbox/ENTI/TERCERO/Proyecto/UnityAR/PRUEBA~1/Assets/LOWPOL~1/Anims/TRUMP_~3.MAX"
"Starting max loading and fbx conversion"
window = undefined
"Settings units"
"Before fbx export"
"After fbx export"
"Finished max loading and fbx conversion"
"C:/Users/sobre/Dropbox/ENTI/TERCERO/Proyecto/UnityAR/PRUEBA~1/Assets/LOWPOL~1/TRUMP_~2.MAX"
"Starting max loading and fbx conversion"
window = undefined
"Settings units"
"Before fbx export"
"After fbx export"
"Finished max loading and fbx conversion"
"C:/Users/sobre/Dropbox/ENTI/TERCERO/Proyecto/UnityAR/PRUEBA~1/Assets/LOWPOL~1/TRUMP_~3.MAX"
"Starting max loading and fbx conversion"
window = undefined
"Settings units"
"Before fbx export"
"After fbx export"
"Finished max loading and fbx conversion"
